-------------------------------------------------------------------------------
Test set: tests.DelFavouritesTest
-------------------------------------------------------------------------------
Tests run: 1, Failures: 1, Errors: 0, Skipped: 0, Time elapsed: 4.646 s <<< FAILURE! - in tests.DelFavouritesTest
testThatICanDeleteAFavouriteById  Time elapsed: 4.583 s  <<< FAILURE!
java.lang.AssertionError: 
1 expectation failed.
Expected status code <200> but was <400>.

	at tests.DelFavouritesTest.testThatICanDeleteAFavouriteById(DelFavouritesTest.java:35)

