-------------------------------------------------------------------------------
Test set: tests.GetCategoryTest
-------------------------------------------------------------------------------
Tests run: 1, Failures: 0, Errors: 1, Skipped: 0, Time elapsed: 0.016 s <<< FAILURE! - in tests.GetCategoryTest
testThatIcanGetaCategoryById  Time elapsed: 0.016 s  <<< ERROR!
java.net.UnknownHostException: api.thedogapi.com
	at tests.GetCategoryTest.testThatIcanGetaCategoryById(GetCategoryTest.java:32)

