-------------------------------------------------------------------------------
Test set: tests.GetVotesTest
-------------------------------------------------------------------------------
Tests run: 1, Failures: 0, Errors: 1, Skipped: 0, Time elapsed: 0 s <<< FAILURE! - in tests.GetVotesTest
testThatIcanGetaVoteById  Time elapsed: 0 s  <<< ERROR!
java.net.UnknownHostException: api.thedogapi.com
	at tests.GetVotesTest.testThatIcanGetaVoteById(GetVotesTest.java:32)

