-------------------------------------------------------------------------------
Test set: tests.PostFavouritesTest
-------------------------------------------------------------------------------
Tests run: 2, Failures: 1, Errors: 0, Skipped: 0, Time elapsed: 1.546 s <<< FAILURE! - in tests.PostFavouritesTest
testThatIcanAddaFavourite  Time elapsed: 0.73 s  <<< FAILURE!
java.lang.AssertionError: 
1 expectation failed.
Expected status code <200> but was <405>.

	at tests.PostFavouritesTest.testThatIcanAddaFavourite(PostFavouritesTest.java:47)

testThatIcanAddaFavouriteWithoutSub_id  Time elapsed: 0.815 s
