-------------------------------------------------------------------------------
Test set: tests.PostCategoryTest
-------------------------------------------------------------------------------
Tests run: 1, Failures: 0, Errors: 1, Skipped: 0, Time elapsed: 0.01 s <<< FAILURE! - in tests.PostCategoryTest
testThatIcanAddaCategory  Time elapsed: 0.01 s  <<< ERROR!
java.net.UnknownHostException: api.thedogapi.com
	at tests.PostCategoryTest.testThatIcanAddaCategory(PostCategoryTest.java:41)

