-------------------------------------------------------------------------------
Test set: tests.PostBreedTest
-------------------------------------------------------------------------------
Tests run: 1, Failures: 1, Errors: 0, Skipped: 0, Time elapsed: 0.809 s <<< FAILURE! - in tests.PostBreedTest
testThatIcanAddaCategory  Time elapsed: 0.809 s  <<< FAILURE!
java.lang.AssertionError: 
1 expectation failed.
Expected status code <200> but was <405>.

	at tests.PostBreedTest.testThatIcanAddaCategory(PostBreedTest.java:43)

