-------------------------------------------------------------------------------
Test set: tests.GetBreedTest
-------------------------------------------------------------------------------
Tests run: 1, Failures: 0, Errors: 1, Skipped: 0, Time elapsed: 0 s <<< FAILURE! - in tests.GetBreedTest
testThatIcanGetaBreedById  Time elapsed: 0 s  <<< ERROR!
java.net.UnknownHostException: api.thedogapi.com
	at tests.GetBreedTest.testThatIcanGetaBreedById(GetBreedTest.java:33)

