-------------------------------------------------------------------------------
Test set: tests.DelVotesTest
-------------------------------------------------------------------------------
Tests run: 1, Failures: 0, Errors: 1, Skipped: 0, Time elapsed: 0.017 s <<< FAILURE! - in tests.DelVotesTest
testThatIcanDeleteaVoteById  Time elapsed: 0.017 s  <<< ERROR!
java.net.UnknownHostException: api.thedogapi.com
	at tests.DelVotesTest.testThatIcanDeleteaVoteById(DelVotesTest.java:31)

